Start testing: Jul 13 18:22 שעון קיץ ירושלים
----------------------------------------------------------
1/36 Testing: Constructor Test
1/36 Test: Constructor Test
Command: "C:/GitProjects/Distributed-Chat-Server/build/logger_test.exe" "Constructor Test"
Directory: C:/GitProjects/Distributed-Chat-Server/build
"Constructor Test" start time: Jul 13 18:22 שעון קיץ ירושלים
Output:
----------------------------------------------------------
Filters: "Constructor Test"
Randomness seeded to: 2382462212
===============================================================================
All tests passed (4 assertions in 1 test case)

<end of output>
Test time =   0.07 sec
----------------------------------------------------------
Test Passed.
"Constructor Test" end time: Jul 13 18:22 שעון קיץ ירושלים
"Constructor Test" time elapsed: 00:00:00
----------------------------------------------------------

2/36 Testing: Log Methods Test
2/36 Test: Log Methods Test
Command: "C:/GitProjects/Distributed-Chat-Server/build/logger_test.exe" "Log Methods Test"
Directory: C:/GitProjects/Distributed-Chat-Server/build
"Log Methods Test" start time: Jul 13 18:22 שעון קיץ ירושלים
Output:
----------------------------------------------------------
Filters: "Log Methods Test"
Randomness seeded to: 2750061819
===============================================================================
All tests passed (6 assertions in 1 test case)

<end of output>
Test time =   0.08 sec
----------------------------------------------------------
Test Passed.
"Log Methods Test" end time: Jul 13 18:22 שעון קיץ ירושלים
"Log Methods Test" time elapsed: 00:00:00
----------------------------------------------------------

3/36 Testing: Ordering Test
3/36 Test: Ordering Test
Command: "C:/GitProjects/Distributed-Chat-Server/build/logger_test.exe" "Ordering Test"
Directory: C:/GitProjects/Distributed-Chat-Server/build
"Ordering Test" start time: Jul 13 18:22 שעון קיץ ירושלים
Output:
----------------------------------------------------------
Filters: "Ordering Test"
Randomness seeded to: 2165726421
===============================================================================
All tests passed (6 assertions in 1 test case)

<end of output>
Test time =   0.09 sec
----------------------------------------------------------
Test Passed.
"Ordering Test" end time: Jul 13 18:22 שעון קיץ ירושלים
"Ordering Test" time elapsed: 00:00:00
----------------------------------------------------------

4/36 Testing: Mixed Types Test
4/36 Test: Mixed Types Test
Command: "C:/GitProjects/Distributed-Chat-Server/build/logger_test.exe" "Mixed Types Test"
Directory: C:/GitProjects/Distributed-Chat-Server/build
"Mixed Types Test" start time: Jul 13 18:22 שעון קיץ ירושלים
Output:
----------------------------------------------------------
Filters: "Mixed Types Test"
Randomness seeded to: 3043978887
===============================================================================
All tests passed (4 assertions in 1 test case)

<end of output>
Test time =   0.16 sec
----------------------------------------------------------
Test Passed.
"Mixed Types Test" end time: Jul 13 18:22 שעון קיץ ירושלים
"Mixed Types Test" time elapsed: 00:00:00
----------------------------------------------------------

5/36 Testing: GetMessage Edge Cases
5/36 Test: GetMessage Edge Cases
Command: "C:/GitProjects/Distributed-Chat-Server/build/logger_test.exe" "GetMessage Edge Cases"
Directory: C:/GitProjects/Distributed-Chat-Server/build
"GetMessage Edge Cases" start time: Jul 13 18:22 שעון קיץ ירושלים
Output:
----------------------------------------------------------
Filters: "GetMessage Edge Cases"
Randomness seeded to: 3632402546
===============================================================================
All tests passed (5 assertions in 1 test case)

<end of output>
Test time =   0.09 sec
----------------------------------------------------------
Test Passed.
"GetMessage Edge Cases" end time: Jul 13 18:22 שעון קיץ ירושלים
"GetMessage Edge Cases" time elapsed: 00:00:00
----------------------------------------------------------

6/36 Testing: Content Edge Cases
6/36 Test: Content Edge Cases
Command: "C:/GitProjects/Distributed-Chat-Server/build/logger_test.exe" "Content Edge Cases"
Directory: C:/GitProjects/Distributed-Chat-Server/build
"Content Edge Cases" start time: Jul 13 18:22 שעון קיץ ירושלים
Output:
----------------------------------------------------------
Filters: "Content Edge Cases"
Randomness seeded to: 3982261390
===============================================================================
All tests passed (4 assertions in 1 test case)

<end of output>
Test time =   0.08 sec
----------------------------------------------------------
Test Passed.
"Content Edge Cases" end time: Jul 13 18:22 שעון קיץ ירושלים
"Content Edge Cases" time elapsed: 00:00:00
----------------------------------------------------------

7/36 Testing: String View Test
7/36 Test: String View Test
Command: "C:/GitProjects/Distributed-Chat-Server/build/logger_test.exe" "String View Test"
Directory: C:/GitProjects/Distributed-Chat-Server/build
"String View Test" start time: Jul 13 18:22 שעון קיץ ירושלים
Output:
----------------------------------------------------------
Filters: "String View Test"
Randomness seeded to: 1747014301
===============================================================================
All tests passed (3 assertions in 1 test case)

<end of output>
Test time =   0.14 sec
----------------------------------------------------------
Test Passed.
"String View Test" end time: Jul 13 18:22 שעון קיץ ירושלים
"String View Test" time elapsed: 00:00:00
----------------------------------------------------------

8/36 Testing: Stored Message Metadata Test
8/36 Test: Stored Message Metadata Test
Command: "C:/GitProjects/Distributed-Chat-Server/build/logger_test.exe" "Stored Message Metadata Test"
Directory: C:/GitProjects/Distributed-Chat-Server/build
"Stored Message Metadata Test" start time: Jul 13 18:22 שעון קיץ ירושלים
Output:
----------------------------------------------------------
Filters: "Stored Message Metadata Test"
Randomness seeded to: 623889846
===============================================================================
All tests passed (6 assertions in 1 test case)

<end of output>
Test time =   0.19 sec
----------------------------------------------------------
Test Passed.
"Stored Message Metadata Test" end time: Jul 13 18:22 שעון קיץ ירושלים
"Stored Message Metadata Test" time elapsed: 00:00:00
----------------------------------------------------------

9/36 Testing: Stream Output Test
9/36 Test: Stream Output Test
Command: "C:/GitProjects/Distributed-Chat-Server/build/logger_test.exe" "Stream Output Test"
Directory: C:/GitProjects/Distributed-Chat-Server/build
"Stream Output Test" start time: Jul 13 18:22 שעון קיץ ירושלים
Output:
----------------------------------------------------------
Filters: "Stream Output Test"
Randomness seeded to: 3869335742
===============================================================================
All tests passed (5 assertions in 1 test case)

<end of output>
Test time =   0.18 sec
----------------------------------------------------------
Test Passed.
"Stream Output Test" end time: Jul 13 18:22 שעון קיץ ירושלים
"Stream Output Test" time elapsed: 00:00:00
----------------------------------------------------------

10/36 Testing: Stream Output Type Labels
10/36 Test: Stream Output Type Labels
Command: "C:/GitProjects/Distributed-Chat-Server/build/logger_test.exe" "Stream Output Type Labels"
Directory: C:/GitProjects/Distributed-Chat-Server/build
"Stream Output Type Labels" start time: Jul 13 18:22 שעון קיץ ירושלים
Output:
----------------------------------------------------------
Filters: "Stream Output Type Labels"
Randomness seeded to: 367542632
===============================================================================
All tests passed (3 assertions in 1 test case)

<end of output>
Test time =   0.19 sec
----------------------------------------------------------
Test Passed.
"Stream Output Type Labels" end time: Jul 13 18:22 שעון קיץ ירושלים
"Stream Output Type Labels" time elapsed: 00:00:00
----------------------------------------------------------

11/36 Testing: Stream Output Edge Cases
11/36 Test: Stream Output Edge Cases
Command: "C:/GitProjects/Distributed-Chat-Server/build/logger_test.exe" "Stream Output Edge Cases"
Directory: C:/GitProjects/Distributed-Chat-Server/build
"Stream Output Edge Cases" start time: Jul 13 18:22 שעון קיץ ירושלים
Output:
----------------------------------------------------------
Filters: "Stream Output Edge Cases"
Randomness seeded to: 372640946
===============================================================================
All tests passed (9 assertions in 1 test case)

<end of output>
Test time =   0.17 sec
----------------------------------------------------------
Test Passed.
"Stream Output Edge Cases" end time: Jul 13 18:22 שעון קיץ ירושלים
"Stream Output Edge Cases" time elapsed: 00:00:00
----------------------------------------------------------

12/36 Testing: Independent Copies Test
12/36 Test: Independent Copies Test
Command: "C:/GitProjects/Distributed-Chat-Server/build/logger_test.exe" "Independent Copies Test"
Directory: C:/GitProjects/Distributed-Chat-Server/build
"Independent Copies Test" start time: Jul 13 18:22 שעון קיץ ירושלים
Output:
----------------------------------------------------------
Filters: "Independent Copies Test"
Randomness seeded to: 2796364734
===============================================================================
All tests passed (6 assertions in 1 test case)

<end of output>
Test time =   0.16 sec
----------------------------------------------------------
Test Passed.
"Independent Copies Test" end time: Jul 13 18:22 שעון קיץ ירושלים
"Independent Copies Test" time elapsed: 00:00:00
----------------------------------------------------------

13/36 Testing: Repeated Logging Test
13/36 Test: Repeated Logging Test
Command: "C:/GitProjects/Distributed-Chat-Server/build/logger_test.exe" "Repeated Logging Test"
Directory: C:/GitProjects/Distributed-Chat-Server/build
"Repeated Logging Test" start time: Jul 13 18:22 שעון קיץ ירושלים
Output:
----------------------------------------------------------
Filters: "Repeated Logging Test"
Randomness seeded to: 3971189935
===============================================================================
All tests passed (5 assertions in 1 test case)

<end of output>
Test time =   0.19 sec
----------------------------------------------------------
Test Passed.
"Repeated Logging Test" end time: Jul 13 18:22 שעון קיץ ירושלים
"Repeated Logging Test" time elapsed: 00:00:00
----------------------------------------------------------

14/36 Testing: Lifetime Test
14/36 Test: Lifetime Test
Command: "C:/GitProjects/Distributed-Chat-Server/build/logger_test.exe" "Lifetime Test"
Directory: C:/GitProjects/Distributed-Chat-Server/build
"Lifetime Test" start time: Jul 13 18:22 שעון קיץ ירושלים
Output:
----------------------------------------------------------
Filters: "Lifetime Test"
Randomness seeded to: 111502213
===============================================================================
All tests passed (1 assertion in 1 test case)

<end of output>
Test time =   0.15 sec
----------------------------------------------------------
Test Passed.
"Lifetime Test" end time: Jul 13 18:22 שעון קיץ ירושלים
"Lifetime Test" time elapsed: 00:00:00
----------------------------------------------------------

15/36 Testing: Constructor Test
15/36 Test: Constructor Test
Command: "C:/GitProjects/Distributed-Chat-Server/build/log_message_test.exe" "Constructor Test"
Directory: C:/GitProjects/Distributed-Chat-Server/build
"Constructor Test" start time: Jul 13 18:22 שעון קיץ ירושלים
Output:
----------------------------------------------------------
Filters: "Constructor Test"
Randomness seeded to: 2164489565
===============================================================================
All tests passed (6 assertions in 1 test case)

<end of output>
Test time =   0.12 sec
----------------------------------------------------------
Test Passed.
"Constructor Test" end time: Jul 13 18:22 שעון קיץ ירושלים
"Constructor Test" time elapsed: 00:00:00
----------------------------------------------------------

16/36 Testing: Constructor Edge Cases
16/36 Test: Constructor Edge Cases
Command: "C:/GitProjects/Distributed-Chat-Server/build/log_message_test.exe" "Constructor Edge Cases"
Directory: C:/GitProjects/Distributed-Chat-Server/build
"Constructor Edge Cases" start time: Jul 13 18:22 שעון קיץ ירושלים
Output:
----------------------------------------------------------
Filters: "Constructor Edge Cases"
Randomness seeded to: 2855099813
===============================================================================
All tests passed (7 assertions in 1 test case)

<end of output>
Test time =   0.14 sec
----------------------------------------------------------
Test Passed.
"Constructor Edge Cases" end time: Jul 13 18:22 שעון קיץ ירושלים
"Constructor Edge Cases" time elapsed: 00:00:00
----------------------------------------------------------

17/36 Testing: Metadata Test
17/36 Test: Metadata Test
Command: "C:/GitProjects/Distributed-Chat-Server/build/log_message_test.exe" "Metadata Test"
Directory: C:/GitProjects/Distributed-Chat-Server/build
"Metadata Test" start time: Jul 13 18:22 שעון קיץ ירושלים
Output:
----------------------------------------------------------
Filters: "Metadata Test"
Randomness seeded to: 1457311652
===============================================================================
All tests passed (198 assertions in 1 test case)

<end of output>
Test time =   0.14 sec
----------------------------------------------------------
Test Passed.
"Metadata Test" end time: Jul 13 18:22 שעון קיץ ירושלים
"Metadata Test" time elapsed: 00:00:00
----------------------------------------------------------

18/36 Testing: Setters Test
18/36 Test: Setters Test
Command: "C:/GitProjects/Distributed-Chat-Server/build/log_message_test.exe" "Setters Test"
Directory: C:/GitProjects/Distributed-Chat-Server/build
"Setters Test" start time: Jul 13 18:22 שעון קיץ ירושלים
Output:
----------------------------------------------------------
Filters: "Setters Test"
Randomness seeded to: 3184787831
===============================================================================
All tests passed (10 assertions in 1 test case)

<end of output>
Test time =   0.13 sec
----------------------------------------------------------
Test Passed.
"Setters Test" end time: Jul 13 18:22 שעון קיץ ירושלים
"Setters Test" time elapsed: 00:00:00
----------------------------------------------------------

19/36 Testing: Equality Test
19/36 Test: Equality Test
Command: "C:/GitProjects/Distributed-Chat-Server/build/log_message_test.exe" "Equality Test"
Directory: C:/GitProjects/Distributed-Chat-Server/build
"Equality Test" start time: Jul 13 18:22 שעון קיץ ירושלים
Output:
----------------------------------------------------------
Filters: "Equality Test"
Randomness seeded to: 1260450674
===============================================================================
All tests passed (18 assertions in 1 test case)

<end of output>
Test time =   0.12 sec
----------------------------------------------------------
Test Passed.
"Equality Test" end time: Jul 13 18:22 שעון קיץ ירושלים
"Equality Test" time elapsed: 00:00:00
----------------------------------------------------------

20/36 Testing: Stream Output Format
20/36 Test: Stream Output Format
Command: "C:/GitProjects/Distributed-Chat-Server/build/log_message_test.exe" "Stream Output Format"
Directory: C:/GitProjects/Distributed-Chat-Server/build
"Stream Output Format" start time: Jul 13 18:22 שעון קיץ ירושלים
Output:
----------------------------------------------------------
Filters: "Stream Output Format"
Randomness seeded to: 2603434900
===============================================================================
All tests passed (3 assertions in 1 test case)

<end of output>
Test time =   0.13 sec
----------------------------------------------------------
Test Passed.
"Stream Output Format" end time: Jul 13 18:22 שעון קיץ ירושלים
"Stream Output Format" time elapsed: 00:00:00
----------------------------------------------------------

21/36 Testing: Stream Output Type Labels
21/36 Test: Stream Output Type Labels
Command: "C:/GitProjects/Distributed-Chat-Server/build/log_message_test.exe" "Stream Output Type Labels"
Directory: C:/GitProjects/Distributed-Chat-Server/build
"Stream Output Type Labels" start time: Jul 13 18:22 שעון קיץ ירושלים
Output:
----------------------------------------------------------
Filters: "Stream Output Type Labels"
Randomness seeded to: 1070399541
===============================================================================
All tests passed (3 assertions in 1 test case)

<end of output>
Test time =   0.17 sec
----------------------------------------------------------
Test Passed.
"Stream Output Type Labels" end time: Jul 13 18:22 שעון קיץ ירושלים
"Stream Output Type Labels" time elapsed: 00:00:00
----------------------------------------------------------

22/36 Testing: Stream Output Edge Cases
22/36 Test: Stream Output Edge Cases
Command: "C:/GitProjects/Distributed-Chat-Server/build/log_message_test.exe" "Stream Output Edge Cases"
Directory: C:/GitProjects/Distributed-Chat-Server/build
"Stream Output Edge Cases" start time: Jul 13 18:22 שעון קיץ ירושלים
Output:
----------------------------------------------------------
Filters: "Stream Output Edge Cases"
Randomness seeded to: 2070403478
===============================================================================
All tests passed (3 assertions in 1 test case)

<end of output>
Test time =   0.16 sec
----------------------------------------------------------
Test Passed.
"Stream Output Edge Cases" end time: Jul 13 18:22 שעון קיץ ירושלים
"Stream Output Edge Cases" time elapsed: 00:00:00
----------------------------------------------------------

23/36 Testing: Getters Test
23/36 Test: Getters Test
Command: "C:/GitProjects/Distributed-Chat-Server/build/log_message_test.exe" "Getters Test"
Directory: C:/GitProjects/Distributed-Chat-Server/build
"Getters Test" start time: Jul 13 18:22 שעון קיץ ירושלים
Output:
----------------------------------------------------------
Filters: "Getters Test"
Randomness seeded to: 707233259
===============================================================================
All tests passed (7 assertions in 1 test case)

<end of output>
Test time =   0.15 sec
----------------------------------------------------------
Test Passed.
"Getters Test" end time: Jul 13 18:22 שעון קיץ ירושלים
"Getters Test" time elapsed: 00:00:00
----------------------------------------------------------

24/36 Testing: Copy Semantics Test
24/36 Test: Copy Semantics Test
Command: "C:/GitProjects/Distributed-Chat-Server/build/log_message_test.exe" "Copy Semantics Test"
Directory: C:/GitProjects/Distributed-Chat-Server/build
"Copy Semantics Test" start time: Jul 13 18:22 שעון קיץ ירושלים
Output:
----------------------------------------------------------
Filters: "Copy Semantics Test"
Randomness seeded to: 862087033
===============================================================================
All tests passed (5 assertions in 1 test case)

<end of output>
Test time =   0.16 sec
----------------------------------------------------------
Test Passed.
"Copy Semantics Test" end time: Jul 13 18:22 שעון קיץ ירושלים
"Copy Semantics Test" time elapsed: 00:00:00
----------------------------------------------------------

25/36 Testing: Constructor Test
25/36 Test: Constructor Test
Command: "C:/GitProjects/Distributed-Chat-Server/build/user_test.exe" "Constructor Test"
Directory: C:/GitProjects/Distributed-Chat-Server/build
"Constructor Test" start time: Jul 13 18:22 שעון קיץ ירושלים
Output:
----------------------------------------------------------
Filters: "Constructor Test"
Randomness seeded to: 4072568074
===============================================================================
All tests passed (9 assertions in 1 test case)

<end of output>
Test time =   0.14 sec
----------------------------------------------------------
Test Passed.
"Constructor Test" end time: Jul 13 18:22 שעון קיץ ירושלים
"Constructor Test" time elapsed: 00:00:00
----------------------------------------------------------

26/36 Testing: Constructor Edge Cases
26/36 Test: Constructor Edge Cases
Command: "C:/GitProjects/Distributed-Chat-Server/build/user_test.exe" "Constructor Edge Cases"
Directory: C:/GitProjects/Distributed-Chat-Server/build
"Constructor Edge Cases" start time: Jul 13 18:22 שעון קיץ ירושלים
Output:
----------------------------------------------------------
Filters: "Constructor Edge Cases"
Randomness seeded to: 1597706407
===============================================================================
All tests passed (13 assertions in 1 test case)

<end of output>
Test time =   0.14 sec
----------------------------------------------------------
Test Passed.
"Constructor Edge Cases" end time: Jul 13 18:22 שעון קיץ ירושלים
"Constructor Edge Cases" time elapsed: 00:00:00
----------------------------------------------------------

27/36 Testing: Setters Test
27/36 Test: Setters Test
Command: "C:/GitProjects/Distributed-Chat-Server/build/user_test.exe" "Setters Test"
Directory: C:/GitProjects/Distributed-Chat-Server/build
"Setters Test" start time: Jul 13 18:22 שעון קיץ ירושלים
Output:
----------------------------------------------------------
Filters: "Setters Test"
Randomness seeded to: 4191682638
===============================================================================
All tests passed (15 assertions in 1 test case)

<end of output>
Test time =   0.12 sec
----------------------------------------------------------
Test Passed.
"Setters Test" end time: Jul 13 18:22 שעון קיץ ירושלים
"Setters Test" time elapsed: 00:00:00
----------------------------------------------------------

28/36 Testing: Getters Test
28/36 Test: Getters Test
Command: "C:/GitProjects/Distributed-Chat-Server/build/user_test.exe" "Getters Test"
Directory: C:/GitProjects/Distributed-Chat-Server/build
"Getters Test" start time: Jul 13 18:22 שעון קיץ ירושלים
Output:
----------------------------------------------------------
Filters: "Getters Test"
Randomness seeded to: 3469635588
===============================================================================
All tests passed (6 assertions in 1 test case)

<end of output>
Test time =   0.11 sec
----------------------------------------------------------
Test Passed.
"Getters Test" end time: Jul 13 18:22 שעון קיץ ירושלים
"Getters Test" time elapsed: 00:00:00
----------------------------------------------------------

29/36 Testing: Equality Test
29/36 Test: Equality Test
Command: "C:/GitProjects/Distributed-Chat-Server/build/user_test.exe" "Equality Test"
Directory: C:/GitProjects/Distributed-Chat-Server/build
"Equality Test" start time: Jul 13 18:22 שעון קיץ ירושלים
Output:
----------------------------------------------------------
Filters: "Equality Test"
Randomness seeded to: 4035803969
===============================================================================
All tests passed (27 assertions in 1 test case)

<end of output>
Test time =   0.11 sec
----------------------------------------------------------
Test Passed.
"Equality Test" end time: Jul 13 18:22 שעון קיץ ירושלים
"Equality Test" time elapsed: 00:00:00
----------------------------------------------------------

30/36 Testing: Stream Output Format
30/36 Test: Stream Output Format
Command: "C:/GitProjects/Distributed-Chat-Server/build/user_test.exe" "Stream Output Format"
Directory: C:/GitProjects/Distributed-Chat-Server/build
"Stream Output Format" start time: Jul 13 18:22 שעון קיץ ירושלים
Output:
----------------------------------------------------------
Filters: "Stream Output Format"
Randomness seeded to: 1013322189
===============================================================================
All tests passed (1 assertion in 1 test case)

<end of output>
Test time =   0.11 sec
----------------------------------------------------------
Test Passed.
"Stream Output Format" end time: Jul 13 18:22 שעון קיץ ירושלים
"Stream Output Format" time elapsed: 00:00:00
----------------------------------------------------------

31/36 Testing: Stream Output Type Labels
31/36 Test: Stream Output Type Labels
Command: "C:/GitProjects/Distributed-Chat-Server/build/user_test.exe" "Stream Output Type Labels"
Directory: C:/GitProjects/Distributed-Chat-Server/build
"Stream Output Type Labels" start time: Jul 13 18:22 שעון קיץ ירושלים
Output:
----------------------------------------------------------
Filters: "Stream Output Type Labels"
Randomness seeded to: 262132726
===============================================================================
All tests passed (3 assertions in 1 test case)

<end of output>
Test time =   0.11 sec
----------------------------------------------------------
Test Passed.
"Stream Output Type Labels" end time: Jul 13 18:22 שעון קיץ ירושלים
"Stream Output Type Labels" time elapsed: 00:00:00
----------------------------------------------------------

32/36 Testing: Stream Output Edge Cases
32/36 Test: Stream Output Edge Cases
Command: "C:/GitProjects/Distributed-Chat-Server/build/user_test.exe" "Stream Output Edge Cases"
Directory: C:/GitProjects/Distributed-Chat-Server/build
"Stream Output Edge Cases" start time: Jul 13 18:22 שעון קיץ ירושלים
Output:
----------------------------------------------------------
Filters: "Stream Output Edge Cases"
Randomness seeded to: 1242926846
===============================================================================
All tests passed (4 assertions in 1 test case)

<end of output>
Test time =   0.11 sec
----------------------------------------------------------
Test Passed.
"Stream Output Edge Cases" end time: Jul 13 18:22 שעון קיץ ירושלים
"Stream Output Edge Cases" time elapsed: 00:00:00
----------------------------------------------------------

33/36 Testing: Copy Semantics Test
33/36 Test: Copy Semantics Test
Command: "C:/GitProjects/Distributed-Chat-Server/build/user_test.exe" "Copy Semantics Test"
Directory: C:/GitProjects/Distributed-Chat-Server/build
"Copy Semantics Test" start time: Jul 13 18:22 שעון קיץ ירושלים
Output:
----------------------------------------------------------
Filters: "Copy Semantics Test"
Randomness seeded to: 1687037368
===============================================================================
All tests passed (4 assertions in 1 test case)

<end of output>
Test time =   0.12 sec
----------------------------------------------------------
Test Passed.
"Copy Semantics Test" end time: Jul 13 18:22 שעון קיץ ירושלים
"Copy Semantics Test" time elapsed: 00:00:00
----------------------------------------------------------

34/36 Testing: Message constructor and stream output
34/36 Test: Message constructor and stream output
Command: "C:/GitProjects/Distributed-Chat-Server/build/message_test.exe" "Message constructor and stream output"
Directory: C:/GitProjects/Distributed-Chat-Server/build
"Message constructor and stream output" start time: Jul 13 18:22 שעון קיץ ירושלים
Output:
----------------------------------------------------------
Filters: "Message constructor and stream output"
Randomness seeded to: 3548399993
===============================================================================
All tests passed (2 assertions in 1 test case)

<end of output>
Test time =   0.13 sec
----------------------------------------------------------
Test Passed.
"Message constructor and stream output" end time: Jul 13 18:22 שעון קיץ ירושלים
"Message constructor and stream output" time elapsed: 00:00:00
----------------------------------------------------------

35/36 Testing: Message equality
35/36 Test: Message equality
Command: "C:/GitProjects/Distributed-Chat-Server/build/message_test.exe" "Message equality"
Directory: C:/GitProjects/Distributed-Chat-Server/build
"Message equality" start time: Jul 13 18:22 שעון קיץ ירושלים
Output:
----------------------------------------------------------
Filters: "Message equality"
Randomness seeded to: 2065397725
===============================================================================
All tests passed (4 assertions in 1 test case)

<end of output>
Test time =   0.12 sec
----------------------------------------------------------
Test Passed.
"Message equality" end time: Jul 13 18:22 שעון קיץ ירושלים
"Message equality" time elapsed: 00:00:00
----------------------------------------------------------

36/36 Testing: Message comparison
36/36 Test: Message comparison
Command: "C:/GitProjects/Distributed-Chat-Server/build/message_test.exe" "Message comparison"
Directory: C:/GitProjects/Distributed-Chat-Server/build
"Message comparison" start time: Jul 13 18:22 שעון קיץ ירושלים
Output:
----------------------------------------------------------
Filters: "Message comparison"
Randomness seeded to: 243252541
===============================================================================
All tests passed (4 assertions in 1 test case)

<end of output>
Test time =   0.12 sec
----------------------------------------------------------
Test Passed.
"Message comparison" end time: Jul 13 18:22 שעון קיץ ירושלים
"Message comparison" time elapsed: 00:00:00
----------------------------------------------------------

End testing: Jul 13 18:22 שעון קיץ ירושלים
